2022/07/17-11:00:06.319,INFO ,equipment-service,1.0.0,,,o.h.v.i.u.Version.<clinit>,21,HV000001: Hibernate Validator 6.1.7.Final
2022/07/17-11:00:06.334,INFO ,equipment-service,1.0.0,,,o.s.b.StartupInfoLogger.logStarting,55,Starting equipmentApplication using Java 1.8.0_202 on ZHANGLDC with PID 12160 (C:\Users\27287\local\Project\DconeProject\Demo\equipment-service\equipment-service-api\target\classes started by CodeDan in C:\Users\27287\local\Project\DconeProject\Demo\equipment-service)
2022/07/17-11:00:06.334,INFO ,equipment-service,1.0.0,,,o.s.b.SpringApplication.logStartupProfileInfo,664,The following profiles are active: dev
2022/07/17-11:00:08.616,INFO ,equipment-service,1.0.0,,,o.s.c.c.s.GenericScope.setSerializationId,283,BeanFactory id=dd9e8c50-bae8-3a2f-903e-b62eebbb63cf
2022/07/17-11:00:09.939,WARN ,equipment-service,1.0.0,,,i.u.w.j.Bootstrap.handleDeployment,68,UT026010: Buffer pool was not set on WebSocketDeploymentInfo, the default pool will be used
2022/07/17-11:00:10.017,INFO ,equipment-service,1.0.0,,,i.u.s.s.ServletContextImpl.log,371,Initializing Spring embedded WebApplicationContext
2022/07/17-11:00:10.017,INFO ,equipment-service,1.0.0,,,o.s.b.w.s.c.ServletWebServerApplicationContext.prepareWebApplicationContext,289,Root WebApplicationContext: initialization completed in 3558 ms
2022/07/17-11:00:11.702,WARN ,equipment-service,1.0.0,,,o.s.c.s.AbstractApplicationContext.refresh,590,Exception encountered during context initialization - cancelling refresh attempt: org.springframework.beans.factory.BeanCreationException: Error creating bean with name 'equipmentTypeController': Injection of resource dependencies failed; nested exception is org.springframework.beans.factory.BeanCreationException: Error creating bean with name 'equipmentTypeFacade': Injection of resource dependencies failed; nested exception is org.springframework.beans.factory.BeanCreationException: Error creating bean with name 'equipmentTypeServiceImpI': Injection of resource dependencies failed; nested exception is org.springframework.beans.factory.BeanCreationException: Error creating bean with name 'equipmentTypeMapper' defined in file [C:\Users\27287\local\Project\DconeProject\Demo\equipment-service\equipment-service-common\target\classes\com\dcone\equipment_service\common\mapper\EquipmentTypeMapper.class]: Invocation of init method failed; nested exception is java.lang.IllegalArgumentException: com.baomidou.mybatisplus.core.exceptions.MybatisPlusException: @TableLogic not support more than one in Class: "com.dcone.equipment_service.common.model.vo.EquipmentTypeVo"
2022/07/17-11:00:11.717,INFO ,equipment-service,1.0.0,,,o.s.b.a.l.ConditionEvaluationReportLoggingListener.logMessage,136,

Error starting ApplicationContext. To display the conditions report re-run your application with 'debug' enabled.
2022/07/17-11:00:48.528,INFO ,equipment-service,1.0.0,,,o.h.v.i.u.Version.<clinit>,21,HV000001: Hibernate Validator 6.1.7.Final
2022/07/17-11:00:48.544,INFO ,equipment-service,1.0.0,,,o.s.b.StartupInfoLogger.logStarting,55,Starting equipmentApplication using Java 1.8.0_202 on ZHANGLDC with PID 16480 (C:\Users\27287\local\Project\DconeProject\Demo\equipment-service\equipment-service-api\target\classes started by CodeDan in C:\Users\27287\local\Project\DconeProject\Demo\equipment-service)
2022/07/17-11:00:48.544,INFO ,equipment-service,1.0.0,,,o.s.b.SpringApplication.logStartupProfileInfo,664,The following profiles are active: dev
2022/07/17-11:00:50.351,INFO ,equipment-service,1.0.0,,,o.s.c.c.s.GenericScope.setSerializationId,283,BeanFactory id=dd9e8c50-bae8-3a2f-903e-b62eebbb63cf
2022/07/17-11:00:51.114,WARN ,equipment-service,1.0.0,,,i.u.w.j.Bootstrap.handleDeployment,68,UT026010: Buffer pool was not set on WebSocketDeploymentInfo, the default pool will be used
2022/07/17-11:00:51.145,INFO ,equipment-service,1.0.0,,,i.u.s.s.ServletContextImpl.log,371,Initializing Spring embedded WebApplicationContext
2022/07/17-11:00:51.145,INFO ,equipment-service,1.0.0,,,o.s.b.w.s.c.ServletWebServerApplicationContext.prepareWebApplicationContext,289,Root WebApplicationContext: initialization completed in 2492 ms
2022/07/17-11:00:54.739,INFO ,equipment-service,1.0.0,,,o.s.s.c.ExecutorConfigurationSupport.initialize,181,Initializing ExecutorService 'applicationTaskExecutor'
2022/07/17-11:00:57.075,INFO ,equipment-service,1.0.0,,,o.x.Xnio.<clinit>,95,XNIO version 3.8.0.Final
2022/07/17-11:00:57.091,INFO ,equipment-service,1.0.0,,,o.x.n.NioXnio.<clinit>,59,XNIO NIO Implementation Version 3.8.0.Final
2022/07/17-11:00:57.137,INFO ,equipment-service,1.0.0,,,o.j.t.Version.<clinit>,52,JBoss Threads version 3.1.0.Final
2022/07/17-11:00:57.200,INFO ,equipment-service,1.0.0,,,i.u.Undertow.start,117,starting server: Undertow - 2.2.4.Final
2022/07/17-11:00:57.247,INFO ,equipment-service,1.0.0,,,o.s.b.w.e.u.UndertowWebServer.start,133,Undertow started on port(s) 9090 (http) with context path '/equipment-service'
2022/07/17-11:00:57.847,INFO ,equipment-service,1.0.0,,,o.s.b.StartupInfoLogger.logStarted,61,Started equipmentApplication in 10.365 seconds (JVM running for 11.789)
2022/07/17-11:00:57.862,INFO ,equipment-service,1.0.0,,,n.b.c.w.s.BaseWebBootstraper.run,38,
----------------------------------------------------------
	Service:equipment-service is running! Access URLs:
	spring-profiles-active: 	dev
	max-file-size: 	10MB
	max-request-size: 	10MB
	logging.file.max-size: 	50MB
	logging.file.max-history: 	3
	Local: 		http://localhost:9090/equipment-service/
	External: 	http://192.168.31.215:9090/equipment-service/
	Swagger-ui: http://192.168.31.215:9090/equipment-service/swagger-ui/index.html
	Doc-ui: 	http://192.168.31.215:9090/equipment-service/doc.html
----------------------------------------------------------
2022/07/17-11:01:01.909,INFO ,equipment-service,1.0.0,,,i.u.s.s.ServletContextImpl.log,371,Initializing Spring DispatcherServlet 'dispatcherServlet'
2022/07/17-11:01:01.917,INFO ,equipment-service,1.0.0,,,o.s.w.s.FrameworkServlet.initServletBean,525,Initializing Servlet 'dispatcherServlet'
2022/07/17-11:01:01.917,INFO ,equipment-service,1.0.0,,,o.s.w.s.FrameworkServlet.initServletBean,547,Completed initialization in 0 ms
2022/07/17-11:01:48.911,INFO ,equipment-service,1.0.0,,,i.u.Undertow.stop,252,stopping server: Undertow - 2.2.4.Final
2022/07/17-11:01:48.926,INFO ,equipment-service,1.0.0,,,i.u.s.s.ServletContextImpl.log,371,Destroying Spring FrameworkServlet 'dispatcherServlet'
2022/07/17-11:01:48.942,INFO ,equipment-service,1.0.0,,,o.s.s.c.ExecutorConfigurationSupport.shutdown,218,Shutting down ExecutorService 'applicationTaskExecutor'
2022/07/17-11:01:58.524,INFO ,equipment-service,1.0.0,,,o.s.b.StartupInfoLogger.logStarting,55,Starting equipmentApplication using Java 1.8.0_202 on ZHANGLDC with PID 9672 (C:\Users\27287\local\Project\DconeProject\Demo\equipment-service\equipment-service-api\target\classes started by CodeDan in C:\Users\27287\local\Project\DconeProject\Demo\equipment-service)
2022/07/17-11:01:58.508,INFO ,equipment-service,1.0.0,,,o.h.v.i.u.Version.<clinit>,21,HV000001: Hibernate Validator 6.1.7.Final
2022/07/17-11:01:58.524,INFO ,equipment-service,1.0.0,,,o.s.b.SpringApplication.logStartupProfileInfo,664,The following profiles are active: dev
2022/07/17-11:02:00.405,INFO ,equipment-service,1.0.0,,,o.s.c.c.s.GenericScope.setSerializationId,283,BeanFactory id=dd9e8c50-bae8-3a2f-903e-b62eebbb63cf
2022/07/17-11:02:01.342,WARN ,equipment-service,1.0.0,,,i.u.w.j.Bootstrap.handleDeployment,68,UT026010: Buffer pool was not set on WebSocketDeploymentInfo, the default pool will be used
2022/07/17-11:02:01.374,INFO ,equipment-service,1.0.0,,,i.u.s.s.ServletContextImpl.log,371,Initializing Spring embedded WebApplicationContext
2022/07/17-11:02:01.374,INFO ,equipment-service,1.0.0,,,o.s.b.w.s.c.ServletWebServerApplicationContext.prepareWebApplicationContext,289,Root WebApplicationContext: initialization completed in 2741 ms
2022/07/17-11:02:04.349,INFO ,equipment-service,1.0.0,,,o.s.s.c.ExecutorConfigurationSupport.initialize,181,Initializing ExecutorService 'applicationTaskExecutor'
2022/07/17-11:02:06.222,INFO ,equipment-service,1.0.0,,,o.x.Xnio.<clinit>,95,XNIO version 3.8.0.Final
2022/07/17-11:02:06.237,INFO ,equipment-service,1.0.0,,,o.x.n.NioXnio.<clinit>,59,XNIO NIO Implementation Version 3.8.0.Final
2022/07/17-11:02:06.284,INFO ,equipment-service,1.0.0,,,o.j.t.Version.<clinit>,52,JBoss Threads version 3.1.0.Final
2022/07/17-11:02:06.331,INFO ,equipment-service,1.0.0,,,i.u.Undertow.start,117,starting server: Undertow - 2.2.4.Final
2022/07/17-11:02:06.378,INFO ,equipment-service,1.0.0,,,o.s.b.w.e.u.UndertowWebServer.start,133,Undertow started on port(s) 9090 (http) with context path '/equipment-service'
2022/07/17-11:02:07.003,INFO ,equipment-service,1.0.0,,,o.s.b.StartupInfoLogger.logStarted,61,Started equipmentApplication in 9.776 seconds (JVM running for 11.522)
2022/07/17-11:02:07.019,INFO ,equipment-service,1.0.0,,,n.b.c.w.s.BaseWebBootstraper.run,38,
----------------------------------------------------------
	Service:equipment-service is running! Access URLs:
	spring-profiles-active: 	dev
	max-file-size: 	10MB
	max-request-size: 	10MB
	logging.file.max-size: 	50MB
	logging.file.max-history: 	3
	Local: 		http://localhost:9090/equipment-service/
	External: 	http://192.168.31.215:9090/equipment-service/
	Swagger-ui: http://192.168.31.215:9090/equipment-service/swagger-ui/index.html
	Doc-ui: 	http://192.168.31.215:9090/equipment-service/doc.html
----------------------------------------------------------
2022/07/17-11:03:20.459,INFO ,equipment-service,1.0.0,,,i.u.s.s.ServletContextImpl.log,371,Initializing Spring DispatcherServlet 'dispatcherServlet'
2022/07/17-11:03:20.459,INFO ,equipment-service,1.0.0,,,o.s.w.s.FrameworkServlet.initServletBean,525,Initializing Servlet 'dispatcherServlet'
2022/07/17-11:03:20.467,INFO ,equipment-service,1.0.0,,,o.s.w.s.FrameworkServlet.initServletBean,547,Completed initialization in 8 ms
2022/07/17-14:08:47.931,INFO ,equipment-service,1.0.0,,,i.u.Undertow.stop,252,stopping server: Undertow - 2.2.4.Final
2022/07/17-14:08:47.931,INFO ,equipment-service,1.0.0,,,i.u.s.s.ServletContextImpl.log,371,Destroying Spring FrameworkServlet 'dispatcherServlet'
2022/07/17-14:08:47.946,INFO ,equipment-service,1.0.0,,,o.s.s.c.ExecutorConfigurationSupport.shutdown,218,Shutting down ExecutorService 'applicationTaskExecutor'
2022/07/17-16:41:46.299,INFO ,equipment-service,1.0.0,,,o.h.v.i.u.Version.<clinit>,21,HV000001: Hibernate Validator 6.1.7.Final
2022/07/17-16:41:46.318,INFO ,equipment-service,1.0.0,,,o.s.b.StartupInfoLogger.logStarting,55,Starting equipmentApplication using Java 1.8.0_202 on ZHANGLDC with PID 2472 (C:\Users\27287\local\Project\DconeProject\Demo\equipment-service\equipment-service-api\target\classes started by CodeDan in C:\Users\27287\local\Project\DconeProject\Demo\equipment-service)
2022/07/17-16:41:46.319,INFO ,equipment-service,1.0.0,,,o.s.b.SpringApplication.logStartupProfileInfo,664,The following profiles are active: dev
2022/07/17-16:41:48.251,INFO ,equipment-service,1.0.0,,,o.s.c.c.s.GenericScope.setSerializationId,283,BeanFactory id=dd9e8c50-bae8-3a2f-903e-b62eebbb63cf
2022/07/17-16:41:49.114,WARN ,equipment-service,1.0.0,,,i.u.w.j.Bootstrap.handleDeployment,68,UT026010: Buffer pool was not set on WebSocketDeploymentInfo, the default pool will be used
2022/07/17-16:41:49.148,INFO ,equipment-service,1.0.0,,,i.u.s.s.ServletContextImpl.log,371,Initializing Spring embedded WebApplicationContext
2022/07/17-16:41:49.149,INFO ,equipment-service,1.0.0,,,o.s.b.w.s.c.ServletWebServerApplicationContext.prepareWebApplicationContext,289,Root WebApplicationContext: initialization completed in 2702 ms
2022/07/17-16:41:52.151,INFO ,equipment-service,1.0.0,,,o.s.s.c.ExecutorConfigurationSupport.initialize,181,Initializing ExecutorService 'applicationTaskExecutor'
2022/07/17-16:41:53.825,INFO ,equipment-service,1.0.0,,,o.x.Xnio.<clinit>,95,XNIO version 3.8.0.Final
2022/07/17-16:41:53.835,INFO ,equipment-service,1.0.0,,,o.x.n.NioXnio.<clinit>,59,XNIO NIO Implementation Version 3.8.0.Final
2022/07/17-16:41:53.879,INFO ,equipment-service,1.0.0,,,o.j.t.Version.<clinit>,52,JBoss Threads version 3.1.0.Final
2022/07/17-16:41:53.947,INFO ,equipment-service,1.0.0,,,i.u.Undertow.start,117,starting server: Undertow - 2.2.4.Final
2022/07/17-16:41:54.000,INFO ,equipment-service,1.0.0,,,o.s.b.w.e.u.UndertowWebServer.start,133,Undertow started on port(s) 9090 (http) with context path '/equipment-service'
2022/07/17-16:41:54.594,INFO ,equipment-service,1.0.0,,,o.s.b.StartupInfoLogger.logStarted,61,Started equipmentApplication in 10.151 seconds (JVM running for 11.868)
2022/07/17-16:41:54.601,INFO ,equipment-service,1.0.0,,,n.b.c.w.s.BaseWebBootstraper.run,38,
----------------------------------------------------------
	Service:equipment-service is running! Access URLs:
	spring-profiles-active: 	dev
	max-file-size: 	10MB
	max-request-size: 	10MB
	logging.file.max-size: 	50MB
	logging.file.max-history: 	3
	Local: 		http://localhost:9090/equipment-service/
	External: 	http://192.168.31.215:9090/equipment-service/
	Swagger-ui: http://192.168.31.215:9090/equipment-service/swagger-ui/index.html
	Doc-ui: 	http://192.168.31.215:9090/equipment-service/doc.html
----------------------------------------------------------
2022/07/17-16:48:11.509,INFO ,equipment-service,1.0.0,,,i.u.s.s.ServletContextImpl.log,371,Initializing Spring DispatcherServlet 'dispatcherServlet'
2022/07/17-16:48:11.509,INFO ,equipment-service,1.0.0,,,o.s.w.s.FrameworkServlet.initServletBean,525,Initializing Servlet 'dispatcherServlet'
2022/07/17-16:48:11.511,INFO ,equipment-service,1.0.0,,,o.s.w.s.FrameworkServlet.initServletBean,547,Completed initialization in 2 ms
2022/07/17-16:54:16.150,INFO ,equipment-service,1.0.0,,,i.u.Undertow.stop,252,stopping server: Undertow - 2.2.4.Final
2022/07/17-16:54:16.157,INFO ,equipment-service,1.0.0,,,i.u.s.s.ServletContextImpl.log,371,Destroying Spring FrameworkServlet 'dispatcherServlet'
2022/07/17-16:54:16.162,INFO ,equipment-service,1.0.0,,,o.s.s.c.ExecutorConfigurationSupport.shutdown,218,Shutting down ExecutorService 'applicationTaskExecutor'
2022/07/17-16:54:24.760,INFO ,equipment-service,1.0.0,,,o.h.v.i.u.Version.<clinit>,21,HV000001: Hibernate Validator 6.1.7.Final
2022/07/17-16:54:24.771,INFO ,equipment-service,1.0.0,,,o.s.b.StartupInfoLogger.logStarting,55,Starting equipmentApplication using Java 1.8.0_202 on ZHANGLDC with PID 6288 (C:\Users\27287\local\Project\DconeProject\Demo\equipment-service\equipment-service-api\target\classes started by CodeDan in C:\Users\27287\local\Project\DconeProject\Demo\equipment-service)
2022/07/17-16:54:24.772,INFO ,equipment-service,1.0.0,,,o.s.b.SpringApplication.logStartupProfileInfo,664,The following profiles are active: dev
2022/07/17-16:54:26.435,INFO ,equipment-service,1.0.0,,,o.s.c.c.s.GenericScope.setSerializationId,283,BeanFactory id=dd9e8c50-bae8-3a2f-903e-b62eebbb63cf
2022/07/17-16:54:27.169,WARN ,equipment-service,1.0.0,,,i.u.w.j.Bootstrap.handleDeployment,68,UT026010: Buffer pool was not set on WebSocketDeploymentInfo, the default pool will be used
2022/07/17-16:54:27.196,INFO ,equipment-service,1.0.0,,,i.u.s.s.ServletContextImpl.log,371,Initializing Spring embedded WebApplicationContext
2022/07/17-16:54:27.197,INFO ,equipment-service,1.0.0,,,o.s.b.w.s.c.ServletWebServerApplicationContext.prepareWebApplicationContext,289,Root WebApplicationContext: initialization completed in 2361 ms
2022/07/17-16:54:29.940,INFO ,equipment-service,1.0.0,,,o.s.s.c.ExecutorConfigurationSupport.initialize,181,Initializing ExecutorService 'applicationTaskExecutor'
2022/07/17-16:54:31.577,INFO ,equipment-service,1.0.0,,,o.x.Xnio.<clinit>,95,XNIO version 3.8.0.Final
2022/07/17-16:54:31.587,INFO ,equipment-service,1.0.0,,,o.x.n.NioXnio.<clinit>,59,XNIO NIO Implementation Version 3.8.0.Final
2022/07/17-16:54:31.628,INFO ,equipment-service,1.0.0,,,o.j.t.Version.<clinit>,52,JBoss Threads version 3.1.0.Final
2022/07/17-16:54:31.677,INFO ,equipment-service,1.0.0,,,i.u.Undertow.start,117,starting server: Undertow - 2.2.4.Final
2022/07/17-16:54:31.720,INFO ,equipment-service,1.0.0,,,o.s.b.w.e.u.UndertowWebServer.start,133,Undertow started on port(s) 9090 (http) with context path '/equipment-service'
2022/07/17-16:54:32.258,INFO ,equipment-service,1.0.0,,,o.s.b.StartupInfoLogger.logStarted,61,Started equipmentApplication in 8.467 seconds (JVM running for 9.557)
2022/07/17-16:54:32.262,INFO ,equipment-service,1.0.0,,,n.b.c.w.s.BaseWebBootstraper.run,38,
----------------------------------------------------------
	Service:equipment-service is running! Access URLs:
	spring-profiles-active: 	dev
	max-file-size: 	10MB
	max-request-size: 	10MB
	logging.file.max-size: 	50MB
	logging.file.max-history: 	3
	Local: 		http://localhost:9090/equipment-service/
	External: 	http://192.168.31.215:9090/equipment-service/
	Swagger-ui: http://192.168.31.215:9090/equipment-service/swagger-ui/index.html
	Doc-ui: 	http://192.168.31.215:9090/equipment-service/doc.html
----------------------------------------------------------
2022/07/17-16:54:44.036,INFO ,equipment-service,1.0.0,,,i.u.s.s.ServletContextImpl.log,371,Initializing Spring DispatcherServlet 'dispatcherServlet'
2022/07/17-16:54:44.037,INFO ,equipment-service,1.0.0,,,o.s.w.s.FrameworkServlet.initServletBean,525,Initializing Servlet 'dispatcherServlet'
2022/07/17-16:54:44.039,INFO ,equipment-service,1.0.0,,,o.s.w.s.FrameworkServlet.initServletBean,547,Completed initialization in 2 ms
2022/07/17-17:07:52.200,INFO ,equipment-service,1.0.0,,,i.u.Undertow.stop,252,stopping server: Undertow - 2.2.4.Final
2022/07/17-17:07:52.204,INFO ,equipment-service,1.0.0,,,i.u.s.s.ServletContextImpl.log,371,Destroying Spring FrameworkServlet 'dispatcherServlet'
2022/07/17-17:07:52.209,INFO ,equipment-service,1.0.0,,,o.s.s.c.ExecutorConfigurationSupport.shutdown,218,Shutting down ExecutorService 'applicationTaskExecutor'
2022/07/17-17:07:59.879,INFO ,equipment-service,1.0.0,,,o.h.v.i.u.Version.<clinit>,21,HV000001: Hibernate Validator 6.1.7.Final
2022/07/17-17:07:59.892,INFO ,equipment-service,1.0.0,,,o.s.b.StartupInfoLogger.logStarting,55,Starting equipmentApplication using Java 1.8.0_202 on ZHANGLDC with PID 900 (C:\Users\27287\local\Project\DconeProject\Demo\equipment-service\equipment-service-api\target\classes started by CodeDan in C:\Users\27287\local\Project\DconeProject\Demo\equipment-service)
2022/07/17-17:07:59.893,INFO ,equipment-service,1.0.0,,,o.s.b.SpringApplication.logStartupProfileInfo,664,The following profiles are active: dev
2022/07/17-17:08:01.619,INFO ,equipment-service,1.0.0,,,o.s.c.c.s.GenericScope.setSerializationId,283,BeanFactory id=07e534b4-e987-3519-b619-514edb3e8966
2022/07/17-17:08:02.358,WARN ,equipment-service,1.0.0,,,i.u.w.j.Bootstrap.handleDeployment,68,UT026010: Buffer pool was not set on WebSocketDeploymentInfo, the default pool will be used
2022/07/17-17:08:02.387,INFO ,equipment-service,1.0.0,,,i.u.s.s.ServletContextImpl.log,371,Initializing Spring embedded WebApplicationContext
2022/07/17-17:08:02.387,INFO ,equipment-service,1.0.0,,,o.s.b.w.s.c.ServletWebServerApplicationContext.prepareWebApplicationContext,289,Root WebApplicationContext: initialization completed in 2423 ms
2022/07/17-17:08:05.186,INFO ,equipment-service,1.0.0,,,o.s.s.c.ExecutorConfigurationSupport.initialize,181,Initializing ExecutorService 'applicationTaskExecutor'
2022/07/17-17:08:06.853,INFO ,equipment-service,1.0.0,,,o.x.Xnio.<clinit>,95,XNIO version 3.8.0.Final
2022/07/17-17:08:06.863,INFO ,equipment-service,1.0.0,,,o.x.n.NioXnio.<clinit>,59,XNIO NIO Implementation Version 3.8.0.Final
2022/07/17-17:08:06.907,INFO ,equipment-service,1.0.0,,,o.j.t.Version.<clinit>,52,JBoss Threads version 3.1.0.Final
2022/07/17-17:08:06.956,INFO ,equipment-service,1.0.0,,,i.u.Undertow.start,117,starting server: Undertow - 2.2.4.Final
2022/07/17-17:08:07.000,INFO ,equipment-service,1.0.0,,,o.s.b.w.e.u.UndertowWebServer.start,133,Undertow started on port(s) 9090 (http) with context path '/equipment-service'
2022/07/17-17:08:07.543,INFO ,equipment-service,1.0.0,,,o.s.b.StartupInfoLogger.logStarted,61,Started equipmentApplication in 8.62 seconds (JVM running for 9.711)
2022/07/17-17:08:07.548,INFO ,equipment-service,1.0.0,,,n.b.c.w.s.BaseWebBootstraper.run,38,
----------------------------------------------------------
	Service:equipment-service is running! Access URLs:
	spring-profiles-active: 	dev
	max-file-size: 	10MB
	max-request-size: 	10MB
	logging.file.max-size: 	50MB
	logging.file.max-history: 	3
	Local: 		http://localhost:9090/equipment-service/
	External: 	http://192.168.31.215:9090/equipment-service/
	Swagger-ui: http://192.168.31.215:9090/equipment-service/swagger-ui/index.html
	Doc-ui: 	http://192.168.31.215:9090/equipment-service/doc.html
----------------------------------------------------------
2022/07/17-17:09:24.275,INFO ,equipment-service,1.0.0,,,i.u.s.s.ServletContextImpl.log,371,Initializing Spring DispatcherServlet 'dispatcherServlet'
2022/07/17-17:09:24.276,INFO ,equipment-service,1.0.0,,,o.s.w.s.FrameworkServlet.initServletBean,525,Initializing Servlet 'dispatcherServlet'
2022/07/17-17:09:24.278,INFO ,equipment-service,1.0.0,,,o.s.w.s.FrameworkServlet.initServletBean,547,Completed initialization in 2 ms
2022/07/17-17:09:24.487,INFO ,equipment-service,1.0.0,,,c.d.e.c.s.i.EquipmentTypeServiceImpI.equipmentTybeDtoToVoList,62,前端传来数据:[EquipmentTypeReqDto(typeId=5, typeName=平板, typeCreateTime=null, typeUpdateTime=null, typeStatus=null), EquipmentTypeReqDto(typeId=6, typeName=电动牙刷, typeCreateTime=null, typeUpdateTime=null, typeStatus=null)]
2022/07/17-17:09:24.506,INFO ,equipment-service,1.0.0,,,c.z.h.HikariDataSource.getConnection,110,HikariPool-1 - Starting...
2022/07/17-17:09:24.509,WARN ,equipment-service,1.0.0,,,c.z.h.u.DriverDataSource.<init>,70,Registered driver with driverClassName=com.mysql.jdbc.Driver was not found, trying direct instantiation.
2022/07/17-17:09:24.702,INFO ,equipment-service,1.0.0,,,c.z.h.HikariDataSource.getConnection,123,HikariPool-1 - Start completed.
2022/07/17-17:15:38.017,INFO ,equipment-service,1.0.0,,,i.u.Undertow.stop,252,stopping server: Undertow - 2.2.4.Final
2022/07/17-17:15:38.022,INFO ,equipment-service,1.0.0,,,i.u.s.s.ServletContextImpl.log,371,Destroying Spring FrameworkServlet 'dispatcherServlet'
2022/07/17-17:15:38.027,INFO ,equipment-service,1.0.0,,,o.s.s.c.ExecutorConfigurationSupport.shutdown,218,Shutting down ExecutorService 'applicationTaskExecutor'
2022/07/17-17:15:38.030,INFO ,equipment-service,1.0.0,,,c.z.h.HikariDataSource.close,350,HikariPool-1 - Shutdown initiated...
2022/07/17-17:15:38.039,INFO ,equipment-service,1.0.0,,,c.z.h.HikariDataSource.close,352,HikariPool-1 - Shutdown completed.
2022/07/17-17:15:45.268,INFO ,equipment-service,1.0.0,,,o.h.v.i.u.Version.<clinit>,21,HV000001: Hibernate Validator 6.1.7.Final
2022/07/17-17:15:45.279,INFO ,equipment-service,1.0.0,,,o.s.b.StartupInfoLogger.logStarting,55,Starting equipmentApplication using Java 1.8.0_202 on ZHANGLDC with PID 8328 (C:\Users\27287\local\Project\DconeProject\Demo\equipment-service\equipment-service-api\target\classes started by CodeDan in C:\Users\27287\local\Project\DconeProject\Demo\equipment-service)
2022/07/17-17:15:45.280,INFO ,equipment-service,1.0.0,,,o.s.b.SpringApplication.logStartupProfileInfo,664,The following profiles are active: dev
2022/07/17-17:15:46.932,INFO ,equipment-service,1.0.0,,,o.s.c.c.s.GenericScope.setSerializationId,283,BeanFactory id=07e534b4-e987-3519-b619-514edb3e8966
2022/07/17-17:15:47.657,WARN ,equipment-service,1.0.0,,,i.u.w.j.Bootstrap.handleDeployment,68,UT026010: Buffer pool was not set on WebSocketDeploymentInfo, the default pool will be used
2022/07/17-17:15:47.685,INFO ,equipment-service,1.0.0,,,i.u.s.s.ServletContextImpl.log,371,Initializing Spring embedded WebApplicationContext
2022/07/17-17:15:47.685,INFO ,equipment-service,1.0.0,,,o.s.b.w.s.c.ServletWebServerApplicationContext.prepareWebApplicationContext,289,Root WebApplicationContext: initialization completed in 2340 ms
2022/07/17-17:15:50.432,INFO ,equipment-service,1.0.0,,,o.s.s.c.ExecutorConfigurationSupport.initialize,181,Initializing ExecutorService 'applicationTaskExecutor'
2022/07/17-17:15:52.074,INFO ,equipment-service,1.0.0,,,o.x.Xnio.<clinit>,95,XNIO version 3.8.0.Final
2022/07/17-17:15:52.084,INFO ,equipment-service,1.0.0,,,o.x.n.NioXnio.<clinit>,59,XNIO NIO Implementation Version 3.8.0.Final
2022/07/17-17:15:52.125,INFO ,equipment-service,1.0.0,,,o.j.t.Version.<clinit>,52,JBoss Threads version 3.1.0.Final
2022/07/17-17:15:52.173,INFO ,equipment-service,1.0.0,,,i.u.Undertow.start,117,starting server: Undertow - 2.2.4.Final
2022/07/17-17:15:52.216,INFO ,equipment-service,1.0.0,,,o.s.b.w.e.u.UndertowWebServer.start,133,Undertow started on port(s) 9090 (http) with context path '/equipment-service'
2022/07/17-17:15:52.755,INFO ,equipment-service,1.0.0,,,o.s.b.StartupInfoLogger.logStarted,61,Started equipmentApplication in 8.473 seconds (JVM running for 9.449)
2022/07/17-17:15:52.760,INFO ,equipment-service,1.0.0,,,n.b.c.w.s.BaseWebBootstraper.run,38,
----------------------------------------------------------
	Service:equipment-service is running! Access URLs:
	spring-profiles-active: 	dev
	max-file-size: 	10MB
	max-request-size: 	10MB
	logging.file.max-size: 	50MB
	logging.file.max-history: 	3
	Local: 		http://localhost:9090/equipment-service/
	External: 	http://192.168.31.215:9090/equipment-service/
	Swagger-ui: http://192.168.31.215:9090/equipment-service/swagger-ui/index.html
	Doc-ui: 	http://192.168.31.215:9090/equipment-service/doc.html
----------------------------------------------------------
2022/07/17-17:15:58.223,INFO ,equipment-service,1.0.0,,,i.u.s.s.ServletContextImpl.log,371,Initializing Spring DispatcherServlet 'dispatcherServlet'
2022/07/17-17:15:58.224,INFO ,equipment-service,1.0.0,,,o.s.w.s.FrameworkServlet.initServletBean,525,Initializing Servlet 'dispatcherServlet'
2022/07/17-17:15:58.227,INFO ,equipment-service,1.0.0,,,o.s.w.s.FrameworkServlet.initServletBean,547,Completed initialization in 3 ms
2022/07/17-17:15:58.449,INFO ,equipment-service,1.0.0,,,c.d.e.c.s.i.EquipmentTypeServiceImpI.equipmentTybeDtoToVoList,62,前端传来数据:[EquipmentTypeReqDto(typeId=5, typeName=平板, typeCreateTime=null, typeUpdateTime=null, typeStatus=null), EquipmentTypeReqDto(typeId=6, typeName=电动牙刷, typeCreateTime=null, typeUpdateTime=null, typeStatus=null)]
2022/07/17-17:15:58.474,INFO ,equipment-service,1.0.0,,,c.z.h.HikariDataSource.getConnection,110,HikariPool-1 - Starting...
2022/07/17-17:15:58.481,WARN ,equipment-service,1.0.0,,,c.z.h.u.DriverDataSource.<init>,70,Registered driver with driverClassName=com.mysql.jdbc.Driver was not found, trying direct instantiation.
2022/07/17-17:15:58.627,INFO ,equipment-service,1.0.0,,,c.z.h.HikariDataSource.getConnection,123,HikariPool-1 - Start completed.
2022/07/17-17:15:58.672,INFO ,equipment-service,1.0.0,,,c.d.e.a.c.MybatisPlusFillConfig.insertFill,27,插入开始填充
2022/07/17-17:20:33.736,INFO ,equipment-service,1.0.0,,,i.u.Undertow.stop,252,stopping server: Undertow - 2.2.4.Final
2022/07/17-17:20:33.742,INFO ,equipment-service,1.0.0,,,i.u.s.s.ServletContextImpl.log,371,Destroying Spring FrameworkServlet 'dispatcherServlet'
2022/07/17-17:20:33.747,INFO ,equipment-service,1.0.0,,,o.s.s.c.ExecutorConfigurationSupport.shutdown,218,Shutting down ExecutorService 'applicationTaskExecutor'
2022/07/17-17:20:33.751,INFO ,equipment-service,1.0.0,,,c.z.h.HikariDataSource.close,350,HikariPool-1 - Shutdown initiated...
2022/07/17-17:20:33.759,INFO ,equipment-service,1.0.0,,,c.z.h.HikariDataSource.close,352,HikariPool-1 - Shutdown completed.
2022/07/17-17:20:41.600,INFO ,equipment-service,1.0.0,,,o.h.v.i.u.Version.<clinit>,21,HV000001: Hibernate Validator 6.1.7.Final
2022/07/17-17:20:41.613,INFO ,equipment-service,1.0.0,,,o.s.b.StartupInfoLogger.logStarting,55,Starting equipmentApplication using Java 1.8.0_202 on ZHANGLDC with PID 10228 (C:\Users\27287\local\Project\DconeProject\Demo\equipment-service\equipment-service-api\target\classes started by CodeDan in C:\Users\27287\local\Project\DconeProject\Demo\equipment-service)
2022/07/17-17:20:41.613,INFO ,equipment-service,1.0.0,,,o.s.b.SpringApplication.logStartupProfileInfo,664,The following profiles are active: dev
2022/07/17-17:20:43.310,INFO ,equipment-service,1.0.0,,,o.s.c.c.s.GenericScope.setSerializationId,283,BeanFactory id=07e534b4-e987-3519-b619-514edb3e8966
2022/07/17-17:20:44.042,WARN ,equipment-service,1.0.0,,,i.u.w.j.Bootstrap.handleDeployment,68,UT026010: Buffer pool was not set on WebSocketDeploymentInfo, the default pool will be used
2022/07/17-17:20:44.069,INFO ,equipment-service,1.0.0,,,i.u.s.s.ServletContextImpl.log,371,Initializing Spring embedded WebApplicationContext
2022/07/17-17:20:44.069,INFO ,equipment-service,1.0.0,,,o.s.b.w.s.c.ServletWebServerApplicationContext.prepareWebApplicationContext,289,Root WebApplicationContext: initialization completed in 2376 ms
2022/07/17-17:20:46.877,INFO ,equipment-service,1.0.0,,,o.s.s.c.ExecutorConfigurationSupport.initialize,181,Initializing ExecutorService 'applicationTaskExecutor'
2022/07/17-17:20:48.559,INFO ,equipment-service,1.0.0,,,o.x.Xnio.<clinit>,95,XNIO version 3.8.0.Final
2022/07/17-17:20:48.569,INFO ,equipment-service,1.0.0,,,o.x.n.NioXnio.<clinit>,59,XNIO NIO Implementation Version 3.8.0.Final
2022/07/17-17:20:48.612,INFO ,equipment-service,1.0.0,,,o.j.t.Version.<clinit>,52,JBoss Threads version 3.1.0.Final
2022/07/17-17:20:48.661,INFO ,equipment-service,1.0.0,,,i.u.Undertow.start,117,starting server: Undertow - 2.2.4.Final
2022/07/17-17:20:48.707,INFO ,equipment-service,1.0.0,,,o.s.b.w.e.u.UndertowWebServer.start,133,Undertow started on port(s) 9090 (http) with context path '/equipment-service'
2022/07/17-17:20:49.258,INFO ,equipment-service,1.0.0,,,o.s.b.StartupInfoLogger.logStarted,61,Started equipmentApplication in 8.618 seconds (JVM running for 9.643)
2022/07/17-17:20:49.262,INFO ,equipment-service,1.0.0,,,n.b.c.w.s.BaseWebBootstraper.run,38,
----------------------------------------------------------
	Service:equipment-service is running! Access URLs:
	spring-profiles-active: 	dev
	max-file-size: 	10MB
	max-request-size: 	10MB
	logging.file.max-size: 	50MB
	logging.file.max-history: 	3
	Local: 		http://localhost:9090/equipment-service/
	External: 	http://192.168.31.215:9090/equipment-service/
	Swagger-ui: http://192.168.31.215:9090/equipment-service/swagger-ui/index.html
	Doc-ui: 	http://192.168.31.215:9090/equipment-service/doc.html
----------------------------------------------------------
2022/07/17-17:21:37.362,INFO ,equipment-service,1.0.0,,,i.u.s.s.ServletContextImpl.log,371,Initializing Spring DispatcherServlet 'dispatcherServlet'
2022/07/17-17:21:37.363,INFO ,equipment-service,1.0.0,,,o.s.w.s.FrameworkServlet.initServletBean,525,Initializing Servlet 'dispatcherServlet'
2022/07/17-17:21:37.366,INFO ,equipment-service,1.0.0,,,o.s.w.s.FrameworkServlet.initServletBean,547,Completed initialization in 3 ms
2022/07/17-17:21:37.572,INFO ,equipment-service,1.0.0,,,c.d.e.c.s.i.EquipmentTypeServiceImpI.equipmentTybeDtoToVoList,62,前端传来数据:[EquipmentTypeReqDto(typeId=5, typeName=平板, typeCreateTime=null, typeUpdateTime=null, typeStatus=null), EquipmentTypeReqDto(typeId=6, typeName=电动牙刷, typeCreateTime=null, typeUpdateTime=null, typeStatus=null)]
2022/07/17-17:21:37.587,INFO ,equipment-service,1.0.0,,,c.z.h.HikariDataSource.getConnection,110,HikariPool-1 - Starting...
2022/07/17-17:21:37.590,WARN ,equipment-service,1.0.0,,,c.z.h.u.DriverDataSource.<init>,70,Registered driver with driverClassName=com.mysql.jdbc.Driver was not found, trying direct instantiation.
2022/07/17-17:21:37.748,INFO ,equipment-service,1.0.0,,,c.z.h.HikariDataSource.getConnection,123,HikariPool-1 - Start completed.
2022/07/17-17:21:37.793,INFO ,equipment-service,1.0.0,,,c.d.e.a.c.MybatisPlusFillConfig.insertFill,27,插入开始填充
2022/07/17-17:21:37.849,INFO ,equipment-service,1.0.0,,,c.d.e.a.c.MybatisPlusFillConfig.insertFill,27,插入开始填充
2022/07/17-17:22:06.232,INFO ,equipment-service,1.0.0,,,i.u.Undertow.stop,252,stopping server: Undertow - 2.2.4.Final
2022/07/17-17:22:06.238,INFO ,equipment-service,1.0.0,,,i.u.s.s.ServletContextImpl.log,371,Destroying Spring FrameworkServlet 'dispatcherServlet'
2022/07/17-17:22:06.243,INFO ,equipment-service,1.0.0,,,o.s.s.c.ExecutorConfigurationSupport.shutdown,218,Shutting down ExecutorService 'applicationTaskExecutor'
2022/07/17-17:22:06.246,INFO ,equipment-service,1.0.0,,,c.z.h.HikariDataSource.close,350,HikariPool-1 - Shutdown initiated...
2022/07/17-17:22:06.254,INFO ,equipment-service,1.0.0,,,c.z.h.HikariDataSource.close,352,HikariPool-1 - Shutdown completed.
2022/07/17-17:24:03.395,INFO ,equipment-service,1.0.0,,,o.h.v.i.u.Version.<clinit>,21,HV000001: Hibernate Validator 6.1.7.Final
2022/07/17-17:24:03.408,INFO ,equipment-service,1.0.0,,,o.s.b.StartupInfoLogger.logStarting,55,Starting equipmentApplication using Java 1.8.0_202 on ZHANGLDC with PID 11432 (C:\Users\27287\local\Project\DconeProject\Demo\equipment-service\equipment-service-api\target\classes started by CodeDan in C:\Users\27287\local\Project\DconeProject\Demo\equipment-service)
2022/07/17-17:24:03.409,INFO ,equipment-service,1.0.0,,,o.s.b.SpringApplication.logStartupProfileInfo,664,The following profiles are active: dev
2022/07/17-17:24:05.084,INFO ,equipment-service,1.0.0,,,o.s.c.c.s.GenericScope.setSerializationId,283,BeanFactory id=07e534b4-e987-3519-b619-514edb3e8966
2022/07/17-17:24:05.816,WARN ,equipment-service,1.0.0,,,i.u.w.j.Bootstrap.handleDeployment,68,UT026010: Buffer pool was not set on WebSocketDeploymentInfo, the default pool will be used
2022/07/17-17:24:05.848,INFO ,equipment-service,1.0.0,,,i.u.s.s.ServletContextImpl.log,371,Initializing Spring embedded WebApplicationContext
2022/07/17-17:24:05.848,INFO ,equipment-service,1.0.0,,,o.s.b.w.s.c.ServletWebServerApplicationContext.prepareWebApplicationContext,289,Root WebApplicationContext: initialization completed in 2376 ms
2022/07/17-17:24:08.740,INFO ,equipment-service,1.0.0,,,o.s.s.c.ExecutorConfigurationSupport.initialize,181,Initializing ExecutorService 'applicationTaskExecutor'
2022/07/17-17:24:10.458,INFO ,equipment-service,1.0.0,,,o.x.Xnio.<clinit>,95,XNIO version 3.8.0.Final
2022/07/17-17:24:10.468,INFO ,equipment-service,1.0.0,,,o.x.n.NioXnio.<clinit>,59,XNIO NIO Implementation Version 3.8.0.Final
2022/07/17-17:24:10.509,INFO ,equipment-service,1.0.0,,,o.j.t.Version.<clinit>,52,JBoss Threads version 3.1.0.Final
2022/07/17-17:24:10.557,INFO ,equipment-service,1.0.0,,,i.u.Undertow.start,117,starting server: Undertow - 2.2.4.Final
2022/07/17-17:24:10.600,INFO ,equipment-service,1.0.0,,,o.s.b.w.e.u.UndertowWebServer.start,133,Undertow started on port(s) 9090 (http) with context path '/equipment-service'
2022/07/17-17:24:11.156,INFO ,equipment-service,1.0.0,,,o.s.b.StartupInfoLogger.logStarted,61,Started equipmentApplication in 8.68 seconds (JVM running for 9.841)
2022/07/17-17:24:11.161,INFO ,equipment-service,1.0.0,,,n.b.c.w.s.BaseWebBootstraper.run,38,
----------------------------------------------------------
	Service:equipment-service is running! Access URLs:
	spring-profiles-active: 	dev
	max-file-size: 	10MB
	max-request-size: 	10MB
	logging.file.max-size: 	50MB
	logging.file.max-history: 	3
	Local: 		http://localhost:9090/equipment-service/
	External: 	http://192.168.31.215:9090/equipment-service/
	Swagger-ui: http://192.168.31.215:9090/equipment-service/swagger-ui/index.html
	Doc-ui: 	http://192.168.31.215:9090/equipment-service/doc.html
----------------------------------------------------------
2022/07/17-17:24:21.078,INFO ,equipment-service,1.0.0,,,i.u.s.s.ServletContextImpl.log,371,Initializing Spring DispatcherServlet 'dispatcherServlet'
2022/07/17-17:24:21.079,INFO ,equipment-service,1.0.0,,,o.s.w.s.FrameworkServlet.initServletBean,525,Initializing Servlet 'dispatcherServlet'
2022/07/17-17:24:21.082,INFO ,equipment-service,1.0.0,,,o.s.w.s.FrameworkServlet.initServletBean,547,Completed initialization in 3 ms
2022/07/17-17:24:21.284,INFO ,equipment-service,1.0.0,,,c.d.e.c.s.i.EquipmentTypeServiceImpI.equipmentTybeDtoToVoList,62,前端传来数据:[EquipmentTypeReqDto(typeId=5, typeName=平板, typeCreateTime=null, typeUpdateTime=null, typeStatus=null), EquipmentTypeReqDto(typeId=6, typeName=电动牙刷, typeCreateTime=null, typeUpdateTime=null, typeStatus=null)]
2022/07/17-17:24:21.301,INFO ,equipment-service,1.0.0,,,c.z.h.HikariDataSource.getConnection,110,HikariPool-1 - Starting...
2022/07/17-17:24:21.303,WARN ,equipment-service,1.0.0,,,c.z.h.u.DriverDataSource.<init>,70,Registered driver with driverClassName=com.mysql.jdbc.Driver was not found, trying direct instantiation.
2022/07/17-17:24:21.467,INFO ,equipment-service,1.0.0,,,c.z.h.HikariDataSource.getConnection,123,HikariPool-1 - Start completed.
2022/07/17-17:24:21.508,INFO ,equipment-service,1.0.0,,,c.d.e.a.c.MybatisPlusFillConfig.insertFill,27,插入开始填充
2022/07/17-17:24:21.551,INFO ,equipment-service,1.0.0,,,c.d.e.a.c.MybatisPlusFillConfig.insertFill,27,插入开始填充
2022/07/17-17:25:04.677,INFO ,equipment-service,1.0.0,,,i.u.Undertow.stop,252,stopping server: Undertow - 2.2.4.Final
2022/07/17-17:25:04.683,INFO ,equipment-service,1.0.0,,,i.u.s.s.ServletContextImpl.log,371,Destroying Spring FrameworkServlet 'dispatcherServlet'
2022/07/17-17:25:04.687,INFO ,equipment-service,1.0.0,,,o.s.s.c.ExecutorConfigurationSupport.shutdown,218,Shutting down ExecutorService 'applicationTaskExecutor'
2022/07/17-17:25:04.690,INFO ,equipment-service,1.0.0,,,c.z.h.HikariDataSource.close,350,HikariPool-1 - Shutdown initiated...
2022/07/17-17:25:04.698,INFO ,equipment-service,1.0.0,,,c.z.h.HikariDataSource.close,352,HikariPool-1 - Shutdown completed.
2022/07/17-17:25:11.383,INFO ,equipment-service,1.0.0,,,o.h.v.i.u.Version.<clinit>,21,HV000001: Hibernate Validator 6.1.7.Final
2022/07/17-17:25:11.393,INFO ,equipment-service,1.0.0,,,o.s.b.StartupInfoLogger.logStarting,55,Starting equipmentApplication using Java 1.8.0_202 on ZHANGLDC with PID 2648 (C:\Users\27287\local\Project\DconeProject\Demo\equipment-service\equipment-service-api\target\classes started by CodeDan in C:\Users\27287\local\Project\DconeProject\Demo\equipment-service)
2022/07/17-17:25:11.393,INFO ,equipment-service,1.0.0,,,o.s.b.SpringApplication.logStartupProfileInfo,664,The following profiles are active: dev
2022/07/17-17:25:13.327,INFO ,equipment-service,1.0.0,,,o.s.c.c.s.GenericScope.setSerializationId,283,BeanFactory id=07e534b4-e987-3519-b619-514edb3e8966
2022/07/17-17:25:14.077,WARN ,equipment-service,1.0.0,,,i.u.w.j.Bootstrap.handleDeployment,68,UT026010: Buffer pool was not set on WebSocketDeploymentInfo, the default pool will be used
2022/07/17-17:25:14.106,INFO ,equipment-service,1.0.0,,,i.u.s.s.ServletContextImpl.log,371,Initializing Spring embedded WebApplicationContext
2022/07/17-17:25:14.106,INFO ,equipment-service,1.0.0,,,o.s.b.w.s.c.ServletWebServerApplicationContext.prepareWebApplicationContext,289,Root WebApplicationContext: initialization completed in 2641 ms
2022/07/17-17:25:17.111,INFO ,equipment-service,1.0.0,,,o.s.s.c.ExecutorConfigurationSupport.initialize,181,Initializing ExecutorService 'applicationTaskExecutor'
2022/07/17-17:25:18.883,INFO ,equipment-service,1.0.0,,,o.x.Xnio.<clinit>,95,XNIO version 3.8.0.Final
2022/07/17-17:25:18.893,INFO ,equipment-service,1.0.0,,,o.x.n.NioXnio.<clinit>,59,XNIO NIO Implementation Version 3.8.0.Final
2022/07/17-17:25:18.938,INFO ,equipment-service,1.0.0,,,o.j.t.Version.<clinit>,52,JBoss Threads version 3.1.0.Final
2022/07/17-17:25:18.992,INFO ,equipment-service,1.0.0,,,i.u.Undertow.start,117,starting server: Undertow - 2.2.4.Final
2022/07/17-17:25:19.041,INFO ,equipment-service,1.0.0,,,o.s.b.w.e.u.UndertowWebServer.start,133,Undertow started on port(s) 9090 (http) with context path '/equipment-service'
2022/07/17-17:25:19.625,INFO ,equipment-service,1.0.0,,,o.s.b.StartupInfoLogger.logStarted,61,Started equipmentApplication in 9.235 seconds (JVM running for 10.375)
2022/07/17-17:25:19.629,INFO ,equipment-service,1.0.0,,,n.b.c.w.s.BaseWebBootstraper.run,38,
----------------------------------------------------------
	Service:equipment-service is running! Access URLs:
	spring-profiles-active: 	dev
	max-file-size: 	10MB
	max-request-size: 	10MB
	logging.file.max-size: 	50MB
	logging.file.max-history: 	3
	Local: 		http://localhost:9090/equipment-service/
	External: 	http://192.168.31.215:9090/equipment-service/
	Swagger-ui: http://192.168.31.215:9090/equipment-service/swagger-ui/index.html
	Doc-ui: 	http://192.168.31.215:9090/equipment-service/doc.html
----------------------------------------------------------
2022/07/17-17:25:24.205,INFO ,equipment-service,1.0.0,,,i.u.s.s.ServletContextImpl.log,371,Initializing Spring DispatcherServlet 'dispatcherServlet'
2022/07/17-17:25:24.205,INFO ,equipment-service,1.0.0,,,o.s.w.s.FrameworkServlet.initServletBean,525,Initializing Servlet 'dispatcherServlet'
2022/07/17-17:25:24.207,INFO ,equipment-service,1.0.0,,,o.s.w.s.FrameworkServlet.initServletBean,547,Completed initialization in 2 ms
2022/07/17-17:25:24.483,INFO ,equipment-service,1.0.0,,,c.d.e.c.s.i.EquipmentTypeServiceImpI.equipmentTybeDtoToVoList,62,前端传来数据:[EquipmentTypeReqDto(typeId=5, typeName=平板, typeCreateTime=null, typeUpdateTime=null, typeStatus=null), EquipmentTypeReqDto(typeId=6, typeName=电动牙刷, typeCreateTime=null, typeUpdateTime=null, typeStatus=null)]
2022/07/17-17:25:24.501,INFO ,equipment-service,1.0.0,,,c.z.h.HikariDataSource.getConnection,110,HikariPool-1 - Starting...
2022/07/17-17:25:24.504,WARN ,equipment-service,1.0.0,,,c.z.h.u.DriverDataSource.<init>,70,Registered driver with driverClassName=com.mysql.jdbc.Driver was not found, trying direct instantiation.
2022/07/17-17:25:24.645,INFO ,equipment-service,1.0.0,,,c.z.h.HikariDataSource.getConnection,123,HikariPool-1 - Start completed.
2022/07/17-17:25:24.715,INFO ,equipment-service,1.0.0,,,c.d.e.a.c.MybatisPlusFillConfig.insertFill,27,插入开始填充
2022/07/17-17:25:24.755,INFO ,equipment-service,1.0.0,,,c.d.e.a.c.MybatisPlusFillConfig.insertFill,27,插入开始填充
2022/07/17-17:27:42.511,INFO ,equipment-service,1.0.0,,,i.u.Undertow.stop,252,stopping server: Undertow - 2.2.4.Final
2022/07/17-17:27:42.517,INFO ,equipment-service,1.0.0,,,i.u.s.s.ServletContextImpl.log,371,Destroying Spring FrameworkServlet 'dispatcherServlet'
2022/07/17-17:27:42.522,INFO ,equipment-service,1.0.0,,,o.s.s.c.ExecutorConfigurationSupport.shutdown,218,Shutting down ExecutorService 'applicationTaskExecutor'
2022/07/17-17:27:42.525,INFO ,equipment-service,1.0.0,,,c.z.h.HikariDataSource.close,350,HikariPool-1 - Shutdown initiated...
2022/07/17-17:27:42.535,INFO ,equipment-service,1.0.0,,,c.z.h.HikariDataSource.close,352,HikariPool-1 - Shutdown completed.
2022/07/17-17:27:51.397,INFO ,equipment-service,1.0.0,,,o.h.v.i.u.Version.<clinit>,21,HV000001: Hibernate Validator 6.1.7.Final
2022/07/17-17:27:51.409,INFO ,equipment-service,1.0.0,,,o.s.b.StartupInfoLogger.logStarting,55,Starting equipmentApplication using Java 1.8.0_202 on ZHANGLDC with PID 8216 (C:\Users\27287\local\Project\DconeProject\Demo\equipment-service\equipment-service-api\target\classes started by CodeDan in C:\Users\27287\local\Project\DconeProject\Demo\equipment-service)
2022/07/17-17:27:51.409,INFO ,equipment-service,1.0.0,,,o.s.b.SpringApplication.logStartupProfileInfo,664,The following profiles are active: dev
2022/07/17-17:27:53.077,INFO ,equipment-service,1.0.0,,,o.s.c.c.s.GenericScope.setSerializationId,283,BeanFactory id=07e534b4-e987-3519-b619-514edb3e8966
2022/07/17-17:27:53.813,WARN ,equipment-service,1.0.0,,,i.u.w.j.Bootstrap.handleDeployment,68,UT026010: Buffer pool was not set on WebSocketDeploymentInfo, the default pool will be used
2022/07/17-17:27:53.844,INFO ,equipment-service,1.0.0,,,i.u.s.s.ServletContextImpl.log,371,Initializing Spring embedded WebApplicationContext
2022/07/17-17:27:53.844,INFO ,equipment-service,1.0.0,,,o.s.b.w.s.c.ServletWebServerApplicationContext.prepareWebApplicationContext,289,Root WebApplicationContext: initialization completed in 2365 ms
2022/07/17-17:27:56.708,INFO ,equipment-service,1.0.0,,,o.s.s.c.ExecutorConfigurationSupport.initialize,181,Initializing ExecutorService 'applicationTaskExecutor'
2022/07/17-17:27:58.555,INFO ,equipment-service,1.0.0,,,o.x.Xnio.<clinit>,95,XNIO version 3.8.0.Final
2022/07/17-17:27:58.565,INFO ,equipment-service,1.0.0,,,o.x.n.NioXnio.<clinit>,59,XNIO NIO Implementation Version 3.8.0.Final
2022/07/17-17:27:58.608,INFO ,equipment-service,1.0.0,,,o.j.t.Version.<clinit>,52,JBoss Threads version 3.1.0.Final
2022/07/17-17:27:58.658,INFO ,equipment-service,1.0.0,,,i.u.Undertow.start,117,starting server: Undertow - 2.2.4.Final
2022/07/17-17:27:58.701,INFO ,equipment-service,1.0.0,,,o.s.b.w.e.u.UndertowWebServer.start,133,Undertow started on port(s) 9090 (http) with context path '/equipment-service'
2022/07/17-17:27:59.282,INFO ,equipment-service,1.0.0,,,o.s.b.StartupInfoLogger.logStarted,61,Started equipmentApplication in 8.806 seconds (JVM running for 9.888)
2022/07/17-17:27:59.287,INFO ,equipment-service,1.0.0,,,n.b.c.w.s.BaseWebBootstraper.run,38,
----------------------------------------------------------
	Service:equipment-service is running! Access URLs:
	spring-profiles-active: 	dev
	max-file-size: 	10MB
	max-request-size: 	10MB
	logging.file.max-size: 	50MB
	logging.file.max-history: 	3
	Local: 		http://localhost:9090/equipment-service/
	External: 	http://192.168.31.215:9090/equipment-service/
	Swagger-ui: http://192.168.31.215:9090/equipment-service/swagger-ui/index.html
	Doc-ui: 	http://192.168.31.215:9090/equipment-service/doc.html
----------------------------------------------------------
2022/07/17-17:28:06.584,INFO ,equipment-service,1.0.0,,,i.u.s.s.ServletContextImpl.log,371,Initializing Spring DispatcherServlet 'dispatcherServlet'
2022/07/17-17:28:06.584,INFO ,equipment-service,1.0.0,,,o.s.w.s.FrameworkServlet.initServletBean,525,Initializing Servlet 'dispatcherServlet'
2022/07/17-17:28:06.587,INFO ,equipment-service,1.0.0,,,o.s.w.s.FrameworkServlet.initServletBean,547,Completed initialization in 3 ms
2022/07/17-17:28:06.812,INFO ,equipment-service,1.0.0,,,c.d.e.c.s.i.EquipmentTypeServiceImpI.equipmentTybeDtoToVoList,62,前端传来数据:[EquipmentTypeReqDto(typeId=5, typeName=平板, typeCreateTime=null, typeUpdateTime=null, typeStatus=null), EquipmentTypeReqDto(typeId=6, typeName=电动牙刷, typeCreateTime=null, typeUpdateTime=null, typeStatus=null)]
2022/07/17-17:28:06.830,INFO ,equipment-service,1.0.0,,,c.z.h.HikariDataSource.getConnection,110,HikariPool-1 - Starting...
2022/07/17-17:28:06.834,WARN ,equipment-service,1.0.0,,,c.z.h.u.DriverDataSource.<init>,70,Registered driver with driverClassName=com.mysql.jdbc.Driver was not found, trying direct instantiation.
2022/07/17-17:28:06.985,INFO ,equipment-service,1.0.0,,,c.z.h.HikariDataSource.getConnection,123,HikariPool-1 - Start completed.
2022/07/17-17:28:07.033,INFO ,equipment-service,1.0.0,,,c.d.e.a.c.MybatisPlusFillConfig.insertFill,27,插入开始填充
2022/07/17-17:28:07.079,INFO ,equipment-service,1.0.0,,,c.d.e.a.c.MybatisPlusFillConfig.insertFill,27,插入开始填充
2022/07/17-17:49:40.960,INFO ,equipment-service,1.0.0,,,i.u.Undertow.stop,252,stopping server: Undertow - 2.2.4.Final
2022/07/17-17:49:40.966,INFO ,equipment-service,1.0.0,,,i.u.s.s.ServletContextImpl.log,371,Destroying Spring FrameworkServlet 'dispatcherServlet'
2022/07/17-17:49:40.972,INFO ,equipment-service,1.0.0,,,o.s.s.c.ExecutorConfigurationSupport.shutdown,218,Shutting down ExecutorService 'applicationTaskExecutor'
2022/07/17-17:49:40.976,INFO ,equipment-service,1.0.0,,,c.z.h.HikariDataSource.close,350,HikariPool-1 - Shutdown initiated...
2022/07/17-17:49:40.990,INFO ,equipment-service,1.0.0,,,c.z.h.HikariDataSource.close,352,HikariPool-1 - Shutdown completed.
2022/07/17-17:49:52.122,INFO ,equipment-service,1.0.0,,,o.h.v.i.u.Version.<clinit>,21,HV000001: Hibernate Validator 6.1.7.Final
2022/07/17-17:49:52.132,INFO ,equipment-service,1.0.0,,,o.s.b.StartupInfoLogger.logStarting,55,Starting equipmentApplication using Java 1.8.0_202 on ZHANGLDC with PID 14248 (C:\Users\27287\local\Project\DconeProject\Demo\equipment-service\equipment-service-api\target\classes started by CodeDan in C:\Users\27287\local\Project\DconeProject\Demo\equipment-service)
2022/07/17-17:49:52.132,INFO ,equipment-service,1.0.0,,,o.s.b.SpringApplication.logStartupProfileInfo,664,The following profiles are active: dev
2022/07/17-17:49:53.721,INFO ,equipment-service,1.0.0,,,o.s.c.c.s.GenericScope.setSerializationId,283,BeanFactory id=07e534b4-e987-3519-b619-514edb3e8966
2022/07/17-17:49:54.434,WARN ,equipment-service,1.0.0,,,i.u.w.j.Bootstrap.handleDeployment,68,UT026010: Buffer pool was not set on WebSocketDeploymentInfo, the default pool will be used
2022/07/17-17:49:54.463,INFO ,equipment-service,1.0.0,,,i.u.s.s.ServletContextImpl.log,371,Initializing Spring embedded WebApplicationContext
2022/07/17-17:49:54.463,INFO ,equipment-service,1.0.0,,,o.s.b.w.s.c.ServletWebServerApplicationContext.prepareWebApplicationContext,289,Root WebApplicationContext: initialization completed in 2265 ms
2022/07/17-17:49:57.158,INFO ,equipment-service,1.0.0,,,o.s.s.c.ExecutorConfigurationSupport.initialize,181,Initializing ExecutorService 'applicationTaskExecutor'
2022/07/17-17:49:58.796,INFO ,equipment-service,1.0.0,,,o.x.Xnio.<clinit>,95,XNIO version 3.8.0.Final
2022/07/17-17:49:58.805,INFO ,equipment-service,1.0.0,,,o.x.n.NioXnio.<clinit>,59,XNIO NIO Implementation Version 3.8.0.Final
2022/07/17-17:49:58.847,INFO ,equipment-service,1.0.0,,,o.j.t.Version.<clinit>,52,JBoss Threads version 3.1.0.Final
2022/07/17-17:49:58.894,INFO ,equipment-service,1.0.0,,,i.u.Undertow.start,117,starting server: Undertow - 2.2.4.Final
2022/07/17-17:49:58.937,INFO ,equipment-service,1.0.0,,,o.s.b.w.e.u.UndertowWebServer.start,133,Undertow started on port(s) 9090 (http) with context path '/equipment-service'
2022/07/17-17:49:59.462,INFO ,equipment-service,1.0.0,,,o.s.b.StartupInfoLogger.logStarted,61,Started equipmentApplication in 8.283 seconds (JVM running for 9.401)
2022/07/17-17:49:59.467,INFO ,equipment-service,1.0.0,,,n.b.c.w.s.BaseWebBootstraper.run,38,
----------------------------------------------------------
	Service:equipment-service is running! Access URLs:
	spring-profiles-active: 	dev
	max-file-size: 	10MB
	max-request-size: 	10MB
	logging.file.max-size: 	50MB
	logging.file.max-history: 	3
	Local: 		http://localhost:9090/equipment-service/
	External: 	http://192.168.31.215:9090/equipment-service/
	Swagger-ui: http://192.168.31.215:9090/equipment-service/swagger-ui/index.html
	Doc-ui: 	http://192.168.31.215:9090/equipment-service/doc.html
----------------------------------------------------------
2022/07/17-17:58:03.815,INFO ,equipment-service,1.0.0,,,i.u.s.s.ServletContextImpl.log,371,Initializing Spring DispatcherServlet 'dispatcherServlet'
2022/07/17-17:58:03.816,INFO ,equipment-service,1.0.0,,,o.s.w.s.FrameworkServlet.initServletBean,525,Initializing Servlet 'dispatcherServlet'
2022/07/17-17:58:03.819,INFO ,equipment-service,1.0.0,,,o.s.w.s.FrameworkServlet.initServletBean,547,Completed initialization in 3 ms
2022/07/17-17:59:07.241,INFO ,equipment-service,1.0.0,,,c.d.e.c.s.i.EquipmentTypeServiceImpI.equipmentTybeDtoToPoList,62,前端传来数据:[EquipmentTypeReqDto(typeId=3, typeName=null, typeCreateTime=null, typeUpdateTime=null, typeStatus=null)]
2022/07/17-17:59:07.327,INFO ,equipment-service,1.0.0,,,c.z.h.HikariDataSource.getConnection,110,HikariPool-1 - Starting...
2022/07/17-17:59:07.330,WARN ,equipment-service,1.0.0,,,c.z.h.u.DriverDataSource.<init>,70,Registered driver with driverClassName=com.mysql.jdbc.Driver was not found, trying direct instantiation.
2022/07/17-17:59:07.484,INFO ,equipment-service,1.0.0,,,c.z.h.HikariDataSource.getConnection,123,HikariPool-1 - Start completed.
2022/07/17-17:59:40.206,INFO ,equipment-service,1.0.0,,,c.d.e.c.s.i.EquipmentTypeServiceImpI.equipmentTybeDtoToPoList,62,前端传来数据:[EquipmentTypeReqDto(typeId=3, typeName=null, typeCreateTime=null, typeUpdateTime=null, typeStatus=null), EquipmentTypeReqDto(typeId=4, typeName=null, typeCreateTime=null, typeUpdateTime=null, typeStatus=null), EquipmentTypeReqDto(typeId=11, typeName=null, typeCreateTime=null, typeUpdateTime=null, typeStatus=null), EquipmentTypeReqDto(typeId=12, typeName=null, typeCreateTime=null, typeUpdateTime=null, typeStatus=null)]
2022/07/17-20:40:50.229,INFO ,equipment-service,1.0.0,,,i.u.Undertow.stop,252,stopping server: Undertow - 2.2.4.Final
2022/07/17-20:40:50.256,INFO ,equipment-service,1.0.0,,,i.u.s.s.ServletContextImpl.log,371,Destroying Spring FrameworkServlet 'dispatcherServlet'
2022/07/17-20:40:50.261,INFO ,equipment-service,1.0.0,,,o.s.s.c.ExecutorConfigurationSupport.shutdown,218,Shutting down ExecutorService 'applicationTaskExecutor'
2022/07/17-20:40:50.265,INFO ,equipment-service,1.0.0,,,c.z.h.HikariDataSource.close,350,HikariPool-1 - Shutdown initiated...
2022/07/17-20:40:50.268,INFO ,equipment-service,1.0.0,,,c.z.h.HikariDataSource.close,352,HikariPool-1 - Shutdown completed.
2022/07/17-20:40:58.533,INFO ,equipment-service,1.0.0,,,o.h.v.i.u.Version.<clinit>,21,HV000001: Hibernate Validator 6.1.7.Final
2022/07/17-20:40:58.544,INFO ,equipment-service,1.0.0,,,o.s.b.StartupInfoLogger.logStarting,55,Starting equipmentApplication using Java 1.8.0_202 on ZHANGLDC with PID 4364 (C:\Users\27287\local\Project\DconeProject\Demo\equipment-service\equipment-service-api\target\classes started by CodeDan in C:\Users\27287\local\Project\DconeProject\Demo\equipment-service)
2022/07/17-20:40:58.544,INFO ,equipment-service,1.0.0,,,o.s.b.SpringApplication.logStartupProfileInfo,664,The following profiles are active: dev
2022/07/17-20:41:00.222,INFO ,equipment-service,1.0.0,,,o.s.c.c.s.GenericScope.setSerializationId,283,BeanFactory id=07e534b4-e987-3519-b619-514edb3e8966
2022/07/17-20:41:00.980,WARN ,equipment-service,1.0.0,,,i.u.w.j.Bootstrap.handleDeployment,68,UT026010: Buffer pool was not set on WebSocketDeploymentInfo, the default pool will be used
2022/07/17-20:41:01.007,INFO ,equipment-service,1.0.0,,,i.u.s.s.ServletContextImpl.log,371,Initializing Spring embedded WebApplicationContext
2022/07/17-20:41:01.007,INFO ,equipment-service,1.0.0,,,o.s.b.w.s.c.ServletWebServerApplicationContext.prepareWebApplicationContext,289,Root WebApplicationContext: initialization completed in 2395 ms
2022/07/17-20:41:03.855,INFO ,equipment-service,1.0.0,,,o.s.s.c.ExecutorConfigurationSupport.initialize,181,Initializing ExecutorService 'applicationTaskExecutor'
2022/07/17-20:41:05.554,INFO ,equipment-service,1.0.0,,,o.x.Xnio.<clinit>,95,XNIO version 3.8.0.Final
2022/07/17-20:41:05.564,INFO ,equipment-service,1.0.0,,,o.x.n.NioXnio.<clinit>,59,XNIO NIO Implementation Version 3.8.0.Final
2022/07/17-20:41:05.608,INFO ,equipment-service,1.0.0,,,o.j.t.Version.<clinit>,52,JBoss Threads version 3.1.0.Final
2022/07/17-20:41:05.659,INFO ,equipment-service,1.0.0,,,i.u.Undertow.start,117,starting server: Undertow - 2.2.4.Final
2022/07/17-20:41:05.704,INFO ,equipment-service,1.0.0,,,o.s.b.w.e.u.UndertowWebServer.start,133,Undertow started on port(s) 9090 (http) with context path '/equipment-service'
2022/07/17-20:41:06.259,INFO ,equipment-service,1.0.0,,,o.s.b.StartupInfoLogger.logStarted,61,Started equipmentApplication in 8.707 seconds (JVM running for 9.821)
2022/07/17-20:41:06.264,INFO ,equipment-service,1.0.0,,,n.b.c.w.s.BaseWebBootstraper.run,38,
----------------------------------------------------------
	Service:equipment-service is running! Access URLs:
	spring-profiles-active: 	dev
	max-file-size: 	10MB
	max-request-size: 	10MB
	logging.file.max-size: 	50MB
	logging.file.max-history: 	3
	Local: 		http://localhost:9090/equipment-service/
	External: 	http://192.168.31.215:9090/equipment-service/
	Swagger-ui: http://192.168.31.215:9090/equipment-service/swagger-ui/index.html
	Doc-ui: 	http://192.168.31.215:9090/equipment-service/doc.html
----------------------------------------------------------
2022/07/17-20:41:38.655,INFO ,equipment-service,1.0.0,,,i.u.s.s.ServletContextImpl.log,371,Initializing Spring DispatcherServlet 'dispatcherServlet'
2022/07/17-20:41:38.656,INFO ,equipment-service,1.0.0,,,o.s.w.s.FrameworkServlet.initServletBean,525,Initializing Servlet 'dispatcherServlet'
2022/07/17-20:41:38.659,INFO ,equipment-service,1.0.0,,,o.s.w.s.FrameworkServlet.initServletBean,547,Completed initialization in 3 ms
2022/07/17-20:41:38.901,INFO ,equipment-service,1.0.0,,,c.d.e.c.s.i.EquipmentTypeServiceImpI.equipmentTybeDtoToPoList,62,前端传来数据:[EquipmentTypeReqDto(typeId=3, typeName=null, typeCreateTime=null, typeUpdateTime=null, typeStatus=null), EquipmentTypeReqDto(typeId=4, typeName=智能灯泡, typeCreateTime=null, typeUpdateTime=null, typeStatus=null)]
2022/07/17-20:41:38.996,INFO ,equipment-service,1.0.0,,,c.z.h.HikariDataSource.getConnection,110,HikariPool-1 - Starting...
2022/07/17-20:41:38.998,WARN ,equipment-service,1.0.0,,,c.z.h.u.DriverDataSource.<init>,70,Registered driver with driverClassName=com.mysql.jdbc.Driver was not found, trying direct instantiation.
2022/07/17-20:41:39.150,INFO ,equipment-service,1.0.0,,,c.z.h.HikariDataSource.getConnection,123,HikariPool-1 - Start completed.
2022/07/17-20:42:36.138,INFO ,equipment-service,1.0.0,,,c.d.e.c.s.i.EquipmentTypeServiceImpI.equipmentTybeDtoToPoList,62,前端传来数据:[EquipmentTypeReqDto(typeId=4, typeName=智能灯泡, typeCreateTime=null, typeUpdateTime=null, typeStatus=null)]
2022/07/17-20:42:36.154,INFO ,equipment-service,1.0.0,,,c.d.e.a.c.MybatisPlusFillConfig.insertFill,27,插入开始填充
2022/07/17-20:43:44.036,INFO ,equipment-service,1.0.0,,,i.u.Undertow.stop,252,stopping server: Undertow - 2.2.4.Final
2022/07/17-20:43:44.042,INFO ,equipment-service,1.0.0,,,i.u.s.s.ServletContextImpl.log,371,Destroying Spring FrameworkServlet 'dispatcherServlet'
2022/07/17-20:43:44.046,INFO ,equipment-service,1.0.0,,,o.s.s.c.ExecutorConfigurationSupport.shutdown,218,Shutting down ExecutorService 'applicationTaskExecutor'
2022/07/17-20:43:44.049,INFO ,equipment-service,1.0.0,,,c.z.h.HikariDataSource.close,350,HikariPool-1 - Shutdown initiated...
2022/07/17-20:43:44.058,INFO ,equipment-service,1.0.0,,,c.z.h.HikariDataSource.close,352,HikariPool-1 - Shutdown completed.
2022/07/17-20:43:50.934,INFO ,equipment-service,1.0.0,,,o.h.v.i.u.Version.<clinit>,21,HV000001: Hibernate Validator 6.1.7.Final
2022/07/17-20:43:50.944,INFO ,equipment-service,1.0.0,,,o.s.b.StartupInfoLogger.logStarting,55,Starting equipmentApplication using Java 1.8.0_202 on ZHANGLDC with PID 8956 (C:\Users\27287\local\Project\DconeProject\Demo\equipment-service\equipment-service-api\target\classes started by CodeDan in C:\Users\27287\local\Project\DconeProject\Demo\equipment-service)
2022/07/17-20:43:50.945,INFO ,equipment-service,1.0.0,,,o.s.b.SpringApplication.logStartupProfileInfo,664,The following profiles are active: dev
2022/07/17-20:43:52.631,INFO ,equipment-service,1.0.0,,,o.s.c.c.s.GenericScope.setSerializationId,283,BeanFactory id=07e534b4-e987-3519-b619-514edb3e8966
2022/07/17-20:43:53.366,WARN ,equipment-service,1.0.0,,,i.u.w.j.Bootstrap.handleDeployment,68,UT026010: Buffer pool was not set on WebSocketDeploymentInfo, the default pool will be used
2022/07/17-20:43:53.396,INFO ,equipment-service,1.0.0,,,i.u.s.s.ServletContextImpl.log,371,Initializing Spring embedded WebApplicationContext
2022/07/17-20:43:53.396,INFO ,equipment-service,1.0.0,,,o.s.b.w.s.c.ServletWebServerApplicationContext.prepareWebApplicationContext,289,Root WebApplicationContext: initialization completed in 2377 ms
2022/07/17-20:43:56.278,INFO ,equipment-service,1.0.0,,,o.s.s.c.ExecutorConfigurationSupport.initialize,181,Initializing ExecutorService 'applicationTaskExecutor'
2022/07/17-20:43:58.050,INFO ,equipment-service,1.0.0,,,o.x.Xnio.<clinit>,95,XNIO version 3.8.0.Final
2022/07/17-20:43:58.060,INFO ,equipment-service,1.0.0,,,o.x.n.NioXnio.<clinit>,59,XNIO NIO Implementation Version 3.8.0.Final
2022/07/17-20:43:58.104,INFO ,equipment-service,1.0.0,,,o.j.t.Version.<clinit>,52,JBoss Threads version 3.1.0.Final
2022/07/17-20:43:58.156,INFO ,equipment-service,1.0.0,,,i.u.Undertow.start,117,starting server: Undertow - 2.2.4.Final
2022/07/17-20:43:58.201,INFO ,equipment-service,1.0.0,,,o.s.b.w.e.u.UndertowWebServer.start,133,Undertow started on port(s) 9090 (http) with context path '/equipment-service'
2022/07/17-20:43:58.758,INFO ,equipment-service,1.0.0,,,o.s.b.StartupInfoLogger.logStarted,61,Started equipmentApplication in 8.768 seconds (JVM running for 9.86)
2022/07/17-20:43:58.762,INFO ,equipment-service,1.0.0,,,n.b.c.w.s.BaseWebBootstraper.run,38,
----------------------------------------------------------
	Service:equipment-service is running! Access URLs:
	spring-profiles-active: 	dev
	max-file-size: 	10MB
	max-request-size: 	10MB
	logging.file.max-size: 	50MB
	logging.file.max-history: 	3
	Local: 		http://localhost:9090/equipment-service/
	External: 	http://192.168.31.215:9090/equipment-service/
	Swagger-ui: http://192.168.31.215:9090/equipment-service/swagger-ui/index.html
	Doc-ui: 	http://192.168.31.215:9090/equipment-service/doc.html
----------------------------------------------------------
2022/07/17-20:44:11.759,INFO ,equipment-service,1.0.0,,,i.u.s.s.ServletContextImpl.log,371,Initializing Spring DispatcherServlet 'dispatcherServlet'
2022/07/17-20:44:11.760,INFO ,equipment-service,1.0.0,,,o.s.w.s.FrameworkServlet.initServletBean,525,Initializing Servlet 'dispatcherServlet'
2022/07/17-20:44:11.763,INFO ,equipment-service,1.0.0,,,o.s.w.s.FrameworkServlet.initServletBean,547,Completed initialization in 3 ms
2022/07/17-20:44:11.995,INFO ,equipment-service,1.0.0,,,c.d.e.c.s.i.EquipmentTypeServiceImpI.equipmentTybeDtoToPoList,62,前端传来数据:[EquipmentTypeReqDto(typeId=4, typeName=智能灯泡, typeCreateTime=null, typeUpdateTime=null, typeStatus=null)]
2022/07/17-20:44:12.015,INFO ,equipment-service,1.0.0,,,c.z.h.HikariDataSource.getConnection,110,HikariPool-1 - Starting...
2022/07/17-20:44:12.020,WARN ,equipment-service,1.0.0,,,c.z.h.u.DriverDataSource.<init>,70,Registered driver with driverClassName=com.mysql.jdbc.Driver was not found, trying direct instantiation.
2022/07/17-20:44:12.169,INFO ,equipment-service,1.0.0,,,c.z.h.HikariDataSource.getConnection,123,HikariPool-1 - Start completed.
2022/07/17-20:44:12.222,INFO ,equipment-service,1.0.0,,,c.d.e.a.c.MybatisPlusFillConfig.updateFill,39,更新开始填充
2022/07/17-20:45:08.884,INFO ,equipment-service,1.0.0,,,c.d.e.c.s.i.EquipmentTypeServiceImpI.equipmentTybeDtoToPoList,62,前端传来数据:[EquipmentTypeReqDto(typeId=3, typeName=智能灯泡, typeCreateTime=null, typeUpdateTime=null, typeStatus=null), EquipmentTypeReqDto(typeId=4, typeName=智能门锁, typeCreateTime=null, typeUpdateTime=null, typeStatus=null)]
2022/07/17-20:45:08.886,INFO ,equipment-service,1.0.0,,,c.d.e.a.c.MybatisPlusFillConfig.updateFill,39,更新开始填充
2022/07/17-20:45:08.887,INFO ,equipment-service,1.0.0,,,c.d.e.a.c.MybatisPlusFillConfig.updateFill,39,更新开始填充
2022/07/17-20:45:42.625,INFO ,equipment-service,1.0.0,,,c.d.e.c.s.i.EquipmentTypeServiceImpI.equipmentTybeDtoToPoList,62,前端传来数据:[EquipmentTypeReqDto(typeId=3, typeName=智能家具, typeCreateTime=null, typeUpdateTime=null, typeStatus=null), EquipmentTypeReqDto(typeId=4, typeName=智能门锁, typeCreateTime=null, typeUpdateTime=null, typeStatus=null)]
2022/07/17-20:45:42.628,INFO ,equipment-service,1.0.0,,,c.d.e.a.c.MybatisPlusFillConfig.updateFill,39,更新开始填充
2022/07/17-20:45:42.630,INFO ,equipment-service,1.0.0,,,c.d.e.a.c.MybatisPlusFillConfig.updateFill,39,更新开始填充
2022/07/17-20:45:54.550,INFO ,equipment-service,1.0.0,,,i.u.Undertow.stop,252,stopping server: Undertow - 2.2.4.Final
2022/07/17-20:45:54.557,INFO ,equipment-service,1.0.0,,,i.u.s.s.ServletContextImpl.log,371,Destroying Spring FrameworkServlet 'dispatcherServlet'
2022/07/17-20:45:54.561,INFO ,equipment-service,1.0.0,,,o.s.s.c.ExecutorConfigurationSupport.shutdown,218,Shutting down ExecutorService 'applicationTaskExecutor'
2022/07/17-20:45:54.565,INFO ,equipment-service,1.0.0,,,c.z.h.HikariDataSource.close,350,HikariPool-1 - Shutdown initiated...
2022/07/17-20:45:54.574,INFO ,equipment-service,1.0.0,,,c.z.h.HikariDataSource.close,352,HikariPool-1 - Shutdown completed.
2022/07/17-21:00:41.317,INFO ,equipment-service,1.0.0,,,o.h.v.i.u.Version.<clinit>,21,HV000001: Hibernate Validator 6.1.7.Final
2022/07/17-21:00:41.330,INFO ,equipment-service,1.0.0,,,o.s.b.StartupInfoLogger.logStarting,55,Starting equipmentApplication using Java 1.8.0_202 on ZHANGLDC with PID 14624 (C:\Users\27287\local\Project\DconeProject\Demo\equipment-service\equipment-service-api\target\classes started by CodeDan in C:\Users\27287\local\Project\DconeProject\Demo\equipment-service)
2022/07/17-21:00:41.331,INFO ,equipment-service,1.0.0,,,o.s.b.SpringApplication.logStartupProfileInfo,664,The following profiles are active: dev
2022/07/17-21:00:42.952,INFO ,equipment-service,1.0.0,,,o.s.c.c.s.GenericScope.setSerializationId,283,BeanFactory id=ae5a506b-c7fd-3e4b-bfbe-166c26a41fca
2022/07/17-21:00:43.669,WARN ,equipment-service,1.0.0,,,i.u.w.j.Bootstrap.handleDeployment,68,UT026010: Buffer pool was not set on WebSocketDeploymentInfo, the default pool will be used
2022/07/17-21:00:43.696,INFO ,equipment-service,1.0.0,,,i.u.s.s.ServletContextImpl.log,371,Initializing Spring embedded WebApplicationContext
2022/07/17-21:00:43.696,INFO ,equipment-service,1.0.0,,,o.s.b.w.s.c.ServletWebServerApplicationContext.prepareWebApplicationContext,289,Root WebApplicationContext: initialization completed in 2301 ms
2022/07/17-21:00:46.434,INFO ,equipment-service,1.0.0,,,o.s.s.c.ExecutorConfigurationSupport.initialize,181,Initializing ExecutorService 'applicationTaskExecutor'
2022/07/17-21:00:48.149,INFO ,equipment-service,1.0.0,,,o.x.Xnio.<clinit>,95,XNIO version 3.8.0.Final
2022/07/17-21:00:48.159,INFO ,equipment-service,1.0.0,,,o.x.n.NioXnio.<clinit>,59,XNIO NIO Implementation Version 3.8.0.Final
2022/07/17-21:00:48.201,INFO ,equipment-service,1.0.0,,,o.j.t.Version.<clinit>,52,JBoss Threads version 3.1.0.Final
2022/07/17-21:00:48.249,INFO ,equipment-service,1.0.0,,,i.u.Undertow.start,117,starting server: Undertow - 2.2.4.Final
2022/07/17-21:00:48.292,INFO ,equipment-service,1.0.0,,,o.s.b.w.e.u.UndertowWebServer.start,133,Undertow started on port(s) 9090 (http) with context path '/equipment-service'
2022/07/17-21:00:48.821,INFO ,equipment-service,1.0.0,,,o.s.b.StartupInfoLogger.logStarted,61,Started equipmentApplication in 8.517 seconds (JVM running for 9.518)
2022/07/17-21:00:48.825,INFO ,equipment-service,1.0.0,,,n.b.c.w.s.BaseWebBootstraper.run,38,
----------------------------------------------------------
	Service:equipment-service is running! Access URLs:
	spring-profiles-active: 	dev
	max-file-size: 	10MB
	max-request-size: 	10MB
	logging.file.max-size: 	50MB
	logging.file.max-history: 	3
	Local: 		http://localhost:9090/equipment-service/
	External: 	http://192.168.31.215:9090/equipment-service/
	Swagger-ui: http://192.168.31.215:9090/equipment-service/swagger-ui/index.html
	Doc-ui: 	http://192.168.31.215:9090/equipment-service/doc.html
----------------------------------------------------------
2022/07/17-21:01:13.915,INFO ,equipment-service,1.0.0,,,i.u.s.s.ServletContextImpl.log,371,Initializing Spring DispatcherServlet 'dispatcherServlet'
2022/07/17-21:01:13.916,INFO ,equipment-service,1.0.0,,,o.s.w.s.FrameworkServlet.initServletBean,525,Initializing Servlet 'dispatcherServlet'
2022/07/17-21:01:13.918,INFO ,equipment-service,1.0.0,,,o.s.w.s.FrameworkServlet.initServletBean,547,Completed initialization in 2 ms
2022/07/17-21:06:28.772,INFO ,equipment-service,1.0.0,,,i.u.Undertow.stop,252,stopping server: Undertow - 2.2.4.Final
2022/07/17-21:06:28.778,INFO ,equipment-service,1.0.0,,,i.u.s.s.ServletContextImpl.log,371,Destroying Spring FrameworkServlet 'dispatcherServlet'
2022/07/17-21:06:28.782,INFO ,equipment-service,1.0.0,,,o.s.s.c.ExecutorConfigurationSupport.shutdown,218,Shutting down ExecutorService 'applicationTaskExecutor'
